Using pre-set license
Built from '2020.3/release' branch; Version is '2020.3.1f1 (77a89f25062f) revision 7841951'; Using compiler version '192528614'; Build Type 'Release'
OS: 'Windows 10 Home; OS build 19042.1348; Version 2009; 64bit' Language: 'es' Physical Memory: 8083 MB
BatchMode: 1, IsHumanControllingUs: 0, StartBugReporterOnCrash: 0, Is64bit: 1, IsPro: 0

 COMMAND LINE ARGUMENTS:
C:\Program Files\Unity\Hub\Editor\2020.3.1f1\Editor\Unity.exe
-adb2
-batchMode
-noUpm
-name
AssetImportWorker0
-projectPath
C:/Users/Guillermo Grado/Desktop/Ejercicios/2ยบ Animacion/Unity/PR_ZAXXON/Nave
-logFile
Logs/AssetImportWorker0.log
-srvPort
63467
Successfully changed project path to: C:/Users/Guillermo Grado/Desktop/Ejercicios/2ยบ Animacion/Unity/PR_ZAXXON/Nave
C:/Users/Guillermo Grado/Desktop/Ejercicios/2ยบ Animacion/Unity/PR_ZAXXON/Nave
Using Asset Import Pipeline V2.
Refreshing native plugins compatible for Editor in 25.30 ms, found 0 plugins.
Preloading 0 native plugins for Editor in 0.00 ms.
Initialize engine version: 2020.3.1f1 (77a89f25062f)
[Subsystems] Discovering subsystems at path C:/Program Files/Unity/Hub/Editor/2020.3.1f1/Editor/Data/Resources/UnitySubsystems
[Subsystems] Discovering subsystems at path C:/Users/Guillermo Grado/Desktop/Ejercicios/2ยบ Animacion/Unity/PR_ZAXXON/Nave/Assets
GfxDevice: creating device client; threaded=0
Direct3D:
    Version:  Direct3D 11.0 [level 11.1]
    Renderer: NVIDIA GeForce GTX 1050 (ID=0x1c81)
    Vendor:   
    VRAM:     1977 MB
    Driver:   30.0.14.7141
Initialize mono
Mono path[0] = 'C:/Program Files/Unity/Hub/Editor/2020.3.1f1/Editor/Data/Managed'
Mono path[1] = 'C:/Program Files/Unity/Hub/Editor/2020.3.1f1/Editor/Data/MonoBleedingEdge/lib/mono/unityjit'
Mono config path = 'C:/Program Files/Unity/Hub/Editor/2020.3.1f1/Editor/Data/MonoBleedingEdge/etc'
Using monoOptions --debugger-agent=transport=dt_socket,embedding=1,server=y,suspend=n,address=127.0.0.1:56488
Begin MonoManager ReloadAssembly
Registering precompiled unity dll's ...
Register platform support module: C:/Program Files/Unity/Hub/Editor/2020.3.1f1/Editor/Data/PlaybackEngines/WindowsStandaloneSupport/UnityEditor.WindowsStandalone.Extensions.dll
Registered in 0.002564 seconds.
Native extension for WindowsStandalone target not found
Refreshing native plugins compatible for Editor in 23.11 ms, found 0 plugins.
Preloading 0 native plugins for Editor in 0.00 ms.
Invoked RoslynAnalysisRunner static constructor.
RoslynAnalysisRunner will not be running.
RoslynAnalysisRunner has terminated.
Mono: successfully reloaded assembly
- Completed reload, in  1.492 seconds
Platform modules already initialized, skipping
Registering precompiled user dll's ...
Registered in 0.438352 seconds.
Begin MonoManager ReloadAssembly
Native extension for WindowsStandalone target not found
Refreshing native plugins compatible for Editor in 0.24 ms, found 0 plugins.
Preloading 0 native plugins for Editor in 0.00 ms.
Invoked RoslynAnalysisRunner static constructor.
RoslynAnalysisRunner will not be running.
RoslynAnalysisRunner has terminated.
Mono: successfully reloaded assembly
- Completed reload, in  0.974 seconds
Platform modules already initialized, skipping
========================================================================
Worker process is ready to serve import requests
Launched and connected shader compiler UnityShaderCompiler.exe after 0.05 seconds
Refreshing native plugins compatible for Editor in 0.23 ms, found 0 plugins.
Preloading 0 native plugins for Editor in 0.00 ms.
Unloading 1161 Unused Serialized files (Serialized files now loaded: 0)
System memory in use before: 59.1 MB.
System memory in use after: 59.2 MB.

Unloading 9 unused Assets to reduce memory usage. Loaded Objects now: 1606.
Total: 1.732700 ms (FindLiveObjects: 0.153600 ms CreateObjectMapping: 0.040800 ms MarkObjects: 1.474300 ms  DeleteObjects: 0.063000 ms)

========================================================================
Received Import Request.
  path: Assets/Scenes/Scripts/Nave/Rotacion.cs
  artifactKey: Guid(31fe88b60e0f5f34eacabf2d1e2e1f8b) Importer(815301076,1909f56bfc062723c751e8b465ee728b)
Start importing Assets/Scenes/Scripts/Nave/Rotacion.cs using Guid(31fe88b60e0f5f34eacabf2d1e2e1f8b) Importer(815301076,1909f56bfc062723c751e8b465ee728b)  -> (artifact id: '4a982fa8c6c5a27c11bd46781fd5bc4a') in 0.128091 seconds
  Import took 0.240270 seconds .

========================================================================
Received Prepare
Registering precompiled user dll's ...
Registered in 0.000993 seconds.
Begin MonoManager ReloadAssembly
Native extension for WindowsStandalone target not found
Refreshing native plugins compatible for Editor in 0.23 ms, found 0 plugins.
Preloading 0 native plugins for Editor in 0.00 ms.
Invoked RoslynAnalysisRunner static constructor.
RoslynAnalysisRunner will not be running.
RoslynAnalysisRunner has terminated.
Mono: successfully reloaded assembly
- Completed reload, in  0.978 seconds
Platform modules already initialized, skipping
Refreshing native plugins compatible for Editor in 0.21 ms, found 0 plugins.
Preloading 0 native plugins for Editor in 0.00 ms.
Unloading 1155 Unused Serialized files (Serialized files now loaded: 0)
System memory in use before: 59.0 MB.
System memory in use after: 59.1 MB.

Unloading 4 unused Assets to reduce memory usage. Loaded Objects now: 1609.
Total: 2.061000 ms (FindLiveObjects: 0.163000 ms CreateObjectMapping: 0.042800 ms MarkObjects: 1.834500 ms  DeleteObjects: 0.019700 ms)

========================================================================
Received Import Request.
  Time since last request: 742.881176 seconds.
  path: Assets/Scenes/Scripts/Nave/Rotacion.cs
  artifactKey: Guid(31fe88b60e0f5f34eacabf2d1e2e1f8b) Importer(815301076,1909f56bfc062723c751e8b465ee728b)
Start importing Assets/Scenes/Scripts/Nave/Rotacion.cs using Guid(31fe88b60e0f5f34eacabf2d1e2e1f8b) Importer(815301076,1909f56bfc062723c751e8b465ee728b)  -> (artifact id: '9c8fa5a8b0d8dfa403c968aec0d98f43') in 0.005257 seconds
  Import took 0.050820 seconds .

========================================================================
Received Prepare
Registering precompiled user dll's ...
Registered in 0.000983 seconds.
Begin MonoManager ReloadAssembly
Native extension for WindowsStandalone target not found
Refreshing native plugins compatible for Editor in 0.23 ms, found 0 plugins.
Preloading 0 native plugins for Editor in 0.00 ms.
Invoked RoslynAnalysisRunner static constructor.
RoslynAnalysisRunner will not be running.
RoslynAnalysisRunner has terminated.
Mono: successfully reloaded assembly
- Completed reload, in  0.752 seconds
Platform modules already initialized, skipping
Refreshing native plugins compatible for Editor in 0.20 ms, found 0 plugins.
Preloading 0 native plugins for Editor in 0.00 ms.
Unloading 1155 Unused Serialized files (Serialized files now loaded: 0)
System memory in use before: 59.0 MB.
System memory in use after: 59.1 MB.

Unloading 4 unused Assets to reduce memory usage. Loaded Objects now: 1612.
Total: 1.521100 ms (FindLiveObjects: 0.121500 ms CreateObjectMapping: 0.033600 ms MarkObjects: 1.345600 ms  DeleteObjects: 0.019600 ms)

========================================================================
Received Import Request.
  Time since last request: 24.814200 seconds.
  path: Assets/Scenes/Scripts/Nave/Rotacion.cs
  artifactKey: Guid(31fe88b60e0f5f34eacabf2d1e2e1f8b) Importer(815301076,1909f56bfc062723c751e8b465ee728b)
Start importing Assets/Scenes/Scripts/Nave/Rotacion.cs using Guid(31fe88b60e0f5f34eacabf2d1e2e1f8b) Importer(815301076,1909f56bfc062723c751e8b465ee728b)  -> (artifact id: 'aaf5fcd83db23482eb3f5e3cdc453534') in 0.004993 seconds
  Import took 0.019632 seconds .

========================================================================
Received Prepare
Registering precompiled user dll's ...
Registered in 0.000924 seconds.
Begin MonoManager ReloadAssembly
Native extension for WindowsStandalone target not found
Refreshing native plugins compatible for Editor in 0.23 ms, found 0 plugins.
Preloading 0 native plugins for Editor in 0.00 ms.
Invoked RoslynAnalysisRunner static constructor.
RoslynAnalysisRunner will not be running.
RoslynAnalysisRunner has terminated.
Mono: successfully reloaded assembly
- Completed reload, in  0.747 seconds
Platform modules already initialized, skipping
Refreshing native plugins compatible for Editor in 0.21 ms, found 0 plugins.
Preloading 0 native plugins for Editor in 0.00 ms.
Unloading 1155 Unused Serialized files (Serialized files now loaded: 0)
System memory in use before: 59.0 MB.
System memory in use after: 59.1 MB.

Unloading 4 unused Assets to reduce memory usage. Loaded Objects now: 1615.
Total: 1.618300 ms (FindLiveObjects: 0.133900 ms CreateObjectMapping: 0.035400 ms MarkObjects: 1.434300 ms  DeleteObjects: 0.013500 ms)

========================================================================
Received Import Request.
  Time since last request: 74.079469 seconds.
  path: Assets/Scenes/Scripts/Nave/Rotacion.cs
  artifactKey: Guid(31fe88b60e0f5f34eacabf2d1e2e1f8b) Importer(815301076,1909f56bfc062723c751e8b465ee728b)
Start importing Assets/Scenes/Scripts/Nave/Rotacion.cs using Guid(31fe88b60e0f5f34eacabf2d1e2e1f8b) Importer(815301076,1909f56bfc062723c751e8b465ee728b)  -> (artifact id: 'e3313706aa9f952afdb6d130935b0ee4') in 0.004458 seconds
  Import took 0.013952 seconds .

========================================================================
Received Prepare
Registering precompiled user dll's ...
Registered in 0.001247 seconds.
Begin MonoManager ReloadAssembly
Native extension for WindowsStandalone target not found
Refreshing native plugins compatible for Editor in 0.20 ms, found 0 plugins.
Preloading 0 native plugins for Editor in 0.00 ms.
Invoked RoslynAnalysisRunner static constructor.
RoslynAnalysisRunner will not be running.
RoslynAnalysisRunner has terminated.
Mono: successfully reloaded assembly
- Completed reload, in  0.760 seconds
Platform modules already initialized, skipping
Refreshing native plugins compatible for Editor in 0.22 ms, found 0 plugins.
Preloading 0 native plugins for Editor in 0.00 ms.
Unloading 1155 Unused Serialized files (Serialized files now loaded: 0)
System memory in use before: 59.0 MB.
System memory in use after: 59.1 MB.

Unloading 4 unused Assets to reduce memory usage. Loaded Objects now: 1618.
Total: 1.581400 ms (FindLiveObjects: 0.138200 ms CreateObjectMapping: 0.039900 ms MarkObjects: 1.388800 ms  DeleteObjects: 0.013100 ms)

========================================================================
Received Import Request.
  Time since last request: 49.547650 seconds.
  path: Assets/Scenes/Scripts/Nave/Rotacion.cs
  artifactKey: Guid(31fe88b60e0f5f34eacabf2d1e2e1f8b) Importer(815301076,1909f56bfc062723c751e8b465ee728b)
Start importing Assets/Scenes/Scripts/Nave/Rotacion.cs using Guid(31fe88b60e0f5f34eacabf2d1e2e1f8b) Importer(815301076,1909f56bfc062723c751e8b465ee728b)  -> (artifact id: 'd68148a7657cef4f77b4b0a88f736ecf') in 0.005326 seconds
  Import took 0.007386 seconds .

========================================================================
Received Prepare
Registering precompiled user dll's ...
Registered in 0.001011 seconds.
Begin MonoManager ReloadAssembly
Native extension for WindowsStandalone target not found
Refreshing native plugins compatible for Editor in 0.21 ms, found 0 plugins.
Preloading 0 native plugins for Editor in 0.00 ms.
Invoked RoslynAnalysisRunner static constructor.
RoslynAnalysisRunner will not be running.
RoslynAnalysisRunner has terminated.
Mono: successfully reloaded assembly
- Completed reload, in  0.729 seconds
Platform modules already initialized, skipping
Refreshing native plugins compatible for Editor in 0.22 ms, found 0 plugins.
Preloading 0 native plugins for Editor in 0.00 ms.
Unloading 1155 Unused Serialized files (Serialized files now loaded: 0)
System memory in use before: 59.0 MB.
System memory in use after: 59.1 MB.

Unloading 4 unused Assets to reduce memory usage. Loaded Objects now: 1621.
Total: 2.523900 ms (FindLiveObjects: 0.329000 ms CreateObjectMapping: 0.088800 ms MarkObjects: 2.080600 ms  DeleteObjects: 0.023100 ms)

========================================================================
Received Import Request.
  Time since last request: 7435.600103 seconds.
  path: Assets/Scenes/Juego.unity
  artifactKey: Guid(9fc0d4010bbf28b4594072e72b8655ab) Importer(815301076,1909f56bfc062723c751e8b465ee728b)
Start importing Assets/Scenes/Juego.unity using Guid(9fc0d4010bbf28b4594072e72b8655ab) Importer(815301076,1909f56bfc062723c751e8b465ee728b)  -> (artifact id: '3899ce1a2a61af1adfd2b369d17b7595') in 18.123087 seconds
  Import took 24.601324 seconds .

========================================================================
Received Import Request.
  Time since last request: 53.500886 seconds.
  path: Assets/Scenes/UI/EscudoLogo.png
  artifactKey: Guid(6ef3e4cd3cd10d34c82848669d643c0e) Importer(815301076,1909f56bfc062723c751e8b465ee728b)
Start importing Assets/Scenes/UI/EscudoLogo.png using Guid(6ef3e4cd3cd10d34c82848669d643c0e) Importer(815301076,1909f56bfc062723c751e8b465ee728b)  -> (artifact id: 'c82709e808145821ed9de3c67718ee02') in 6.229572 seconds
  Import took 6.286448 seconds .

========================================================================
Received Import Request.
  Time since last request: 4.317589 seconds.
  path: Assets/Scenes/UI/EscudoLogo.png
  artifactKey: Guid(6ef3e4cd3cd10d34c82848669d643c0e) Importer(815301076,1909f56bfc062723c751e8b465ee728b)
Start importing Assets/Scenes/UI/EscudoLogo.png using Guid(6ef3e4cd3cd10d34c82848669d643c0e) Importer(815301076,1909f56bfc062723c751e8b465ee728b)  -> (artifact id: '2da9ef7454dd01b89817f46d83e79b6e') in 1.684810 seconds
  Import took 1.793378 seconds .

========================================================================
Received Import Request.
  Time since last request: 18.895909 seconds.
  path: Assets/Scenes/UI/EscudoLogo.png
  artifactKey: Guid(6ef3e4cd3cd10d34c82848669d643c0e) Importer(815301076,1909f56bfc062723c751e8b465ee728b)
Start importing Assets/Scenes/UI/EscudoLogo.png using Guid(6ef3e4cd3cd10d34c82848669d643c0e) Importer(815301076,1909f56bfc062723c751e8b465ee728b)  -> (artifact id: '37fb74ee994bdf0ad1055153ea47ce52') in 0.107799 seconds
  Import took 0.135994 seconds .

========================================================================
Received Import Request.
  Time since last request: 63.043145 seconds.
  path: Assets/Scenes/UI/EscudoLogo.png
  artifactKey: Guid(6ef3e4cd3cd10d34c82848669d643c0e) Importer(815301076,1909f56bfc062723c751e8b465ee728b)
Start importing Assets/Scenes/UI/EscudoLogo.png using Guid(6ef3e4cd3cd10d34c82848669d643c0e) Importer(815301076,1909f56bfc062723c751e8b465ee728b)  -> (artifact id: '2b770425398d02df4d83eb677bb5d9fe') in 0.031358 seconds
  Import took 0.067532 seconds .

========================================================================
Received Prepare
Registering precompiled user dll's ...
Registered in 0.000873 seconds.
Begin MonoManager ReloadAssembly
Native extension for WindowsStandalone target not found
Refreshing native plugins compatible for Editor in 0.25 ms, found 0 plugins.
Preloading 0 native plugins for Editor in 0.00 ms.
Invoked RoslynAnalysisRunner static constructor.
RoslynAnalysisRunner will not be running.
RoslynAnalysisRunner has terminated.
Mono: successfully reloaded assembly
- Completed reload, in  2.702 seconds
Platform modules already initialized, skipping
Refreshing native plugins compatible for Editor in 0.21 ms, found 0 plugins.
Preloading 0 native plugins for Editor in 0.00 ms.
Unloading 1155 Unused Serialized files (Serialized files now loaded: 0)
System memory in use before: 62.1 MB.
System memory in use after: 62.2 MB.

Unloading 4 unused Assets to reduce memory usage. Loaded Objects now: 1635.
Total: 1.575400 ms (FindLiveObjects: 0.127600 ms CreateObjectMapping: 0.032200 ms MarkObjects: 1.394500 ms  DeleteObjects: 0.019500 ms)

========================================================================
Received Import Request.
  Time since last request: 1111.597678 seconds.
  path: Assets/Scenes/UI/CorazonLogo.png
  artifactKey: Guid(b620e5c2c826e9846b74659edccd7556) Importer(815301076,1909f56bfc062723c751e8b465ee728b)
Start importing Assets/Scenes/UI/CorazonLogo.png using Guid(b620e5c2c826e9846b74659edccd7556) Importer(815301076,1909f56bfc062723c751e8b465ee728b)  -> (artifact id: '27fd4d937b1c6f4b5d7c50c1e2c32c0e') in 0.099125 seconds
  Import took 0.112746 seconds .

========================================================================
Received Import Request.
  Time since last request: 6.852659 seconds.
  path: Assets/Scenes/UI/CorazonLogo.png
  artifactKey: Guid(b620e5c2c826e9846b74659edccd7556) Importer(815301076,1909f56bfc062723c751e8b465ee728b)
Start importing Assets/Scenes/UI/CorazonLogo.png using Guid(b620e5c2c826e9846b74659edccd7556) Importer(815301076,1909f56bfc062723c751e8b465ee728b)  -> (artifact id: '5b5af7f61f058d2f531a9c65107a6e44') in 0.043544 seconds
  Import took 0.045423 seconds .

========================================================================
Received Prepare
Registering precompiled user dll's ...
Registered in 0.000843 seconds.
Begin MonoManager ReloadAssembly
Native extension for WindowsStandalone target not found
Refreshing native plugins compatible for Editor in 0.25 ms, found 0 plugins.
Preloading 0 native plugins for Editor in 0.00 ms.
Invoked RoslynAnalysisRunner static constructor.
RoslynAnalysisRunner will not be running.
RoslynAnalysisRunner has terminated.
Mono: successfully reloaded assembly
- Completed reload, in  1.151 seconds
Platform modules already initialized, skipping
Refreshing native plugins compatible for Editor in 0.21 ms, found 0 plugins.
Preloading 0 native plugins for Editor in 0.00 ms.
Unloading 1155 Unused Serialized files (Serialized files now loaded: 0)
System memory in use before: 62.2 MB.
System memory in use after: 62.3 MB.

Unloading 4 unused Assets to reduce memory usage. Loaded Objects now: 1640.
Total: 1.606300 ms (FindLiveObjects: 0.167200 ms CreateObjectMapping: 0.049200 ms MarkObjects: 1.375600 ms  DeleteObjects: 0.013600 ms)

========================================================================
Received Prepare
Registering precompiled user dll's ...
Registered in 0.000809 seconds.
Begin MonoManager ReloadAssembly
Native extension for WindowsStandalone target not found
Refreshing native plugins compatible for Editor in 0.20 ms, found 0 plugins.
Preloading 0 native plugins for Editor in 0.00 ms.
Invoked RoslynAnalysisRunner static constructor.
RoslynAnalysisRunner will not be running.
RoslynAnalysisRunner has terminated.
Mono: successfully reloaded assembly
- Completed reload, in  0.796 seconds
Platform modules already initialized, skipping
Refreshing native plugins compatible for Editor in 0.21 ms, found 0 plugins.
Preloading 0 native plugins for Editor in 0.00 ms.
Unloading 1155 Unused Serialized files (Serialized files now loaded: 0)
System memory in use before: 62.2 MB.
System memory in use after: 62.3 MB.

Unloading 4 unused Assets to reduce memory usage. Loaded Objects now: 1643.
Total: 1.474400 ms (FindLiveObjects: 0.134900 ms CreateObjectMapping: 0.034600 ms MarkObjects: 1.288000 ms  DeleteObjects: 0.015700 ms)

========================================================================
Received Prepare
Registering precompiled user dll's ...
Registered in 0.001045 seconds.
Begin MonoManager ReloadAssembly
Native extension for WindowsStandalone target not found
Refreshing native plugins compatible for Editor in 0.21 ms, found 0 plugins.
Preloading 0 native plugins for Editor in 0.00 ms.
Invoked RoslynAnalysisRunner static constructor.
RoslynAnalysisRunner will not be running.
RoslynAnalysisRunner has terminated.
Mono: successfully reloaded assembly
- Completed reload, in  1.439 seconds
Platform modules already initialized, skipping
Refreshing native plugins compatible for Editor in 0.23 ms, found 0 plugins.
Preloading 0 native plugins for Editor in 0.00 ms.
Unloading 1155 Unused Serialized files (Serialized files now loaded: 0)
System memory in use before: 62.2 MB.
System memory in use after: 62.3 MB.

Unloading 4 unused Assets to reduce memory usage. Loaded Objects now: 1646.
Total: 1.843200 ms (FindLiveObjects: 0.169100 ms CreateObjectMapping: 0.042300 ms MarkObjects: 1.569900 ms  DeleteObjects: 0.060600 ms)

========================================================================
Received Import Request.
  Time since last request: 3823.367744 seconds.
  path: Assets/Scenes/UI/GasolinaLogo.png
  artifactKey: Guid(4e494eb6c707b5b4e8b3c28444749700) Importer(815301076,1909f56bfc062723c751e8b465ee728b)
Start importing Assets/Scenes/UI/GasolinaLogo.png using Guid(4e494eb6c707b5b4e8b3c28444749700) Importer(815301076,1909f56bfc062723c751e8b465ee728b)  -> (artifact id: '54df796d9af528d38dd4d129c357be4c') in 0.139018 seconds
  Import took 0.187224 seconds .

========================================================================
Received Import Request.
  Time since last request: 0.959021 seconds.
  path: Assets/Scenes/UI/GasolinaLogo.png
  artifactKey: Guid(4e494eb6c707b5b4e8b3c28444749700) Importer(815301076,1909f56bfc062723c751e8b465ee728b)
Start importing Assets/Scenes/UI/GasolinaLogo.png using Guid(4e494eb6c707b5b4e8b3c28444749700) Importer(815301076,1909f56bfc062723c751e8b465ee728b)  -> (artifact id: '670d93c5b93780ce2769fe2f7dfb9946') in 0.050172 seconds
  Import took 0.079345 seconds .

========================================================================
Received Prepare
Registering precompiled user dll's ...
Registered in 0.000798 seconds.
Begin MonoManager ReloadAssembly
Native extension for WindowsStandalone target not found
Refreshing native plugins compatible for Editor in 0.20 ms, found 0 plugins.
Preloading 0 native plugins for Editor in 0.00 ms.
Invoked RoslynAnalysisRunner static constructor.
RoslynAnalysisRunner will not be running.
RoslynAnalysisRunner has terminated.
Mono: successfully reloaded assembly
- Completed reload, in  0.916 seconds
Platform modules already initialized, skipping
Refreshing native plugins compatible for Editor in 0.20 ms, found 0 plugins.
Preloading 0 native plugins for Editor in 0.00 ms.
Unloading 1155 Unused Serialized files (Serialized files now loaded: 0)
System memory in use before: 62.2 MB.
System memory in use after: 62.3 MB.

Unloading 4 unused Assets to reduce memory usage. Loaded Objects now: 1650.
Total: 1.501600 ms (FindLiveObjects: 0.142400 ms CreateObjectMapping: 0.030700 ms MarkObjects: 1.315500 ms  DeleteObjects: 0.012000 ms)

========================================================================
Received Import Request.
  Time since last request: 253.630039 seconds.
  path: Assets/Scenes/Materiales/New Material 2.mat
  artifactKey: Guid(74fb5e916d341ad45954af4e69f06da1) Importer(815301076,1909f56bfc062723c751e8b465ee728b)
Start importing Assets/Scenes/Materiales/New Material 2.mat using Guid(74fb5e916d341ad45954af4e69f06da1) Importer(815301076,1909f56bfc062723c751e8b465ee728b)  -> (artifact id: '3a750094215083259030f597d974e194') in 1.542755 seconds
  Import took 1.573961 seconds .

========================================================================
Received Prepare
Registering precompiled user dll's ...
Registered in 0.000867 seconds.
Begin MonoManager ReloadAssembly
Native extension for WindowsStandalone target not found
Refreshing native plugins compatible for Editor in 0.21 ms, found 0 plugins.
Preloading 0 native plugins for Editor in 0.00 ms.
Invoked RoslynAnalysisRunner static constructor.
RoslynAnalysisRunner will not be running.
RoslynAnalysisRunner has terminated.
Mono: successfully reloaded assembly
- Completed reload, in  1.740 seconds
Platform modules already initialized, skipping
Refreshing native plugins compatible for Editor in 0.21 ms, found 0 plugins.
Preloading 0 native plugins for Editor in 0.00 ms.
Unloading 1155 Unused Serialized files (Serialized files now loaded: 0)
System memory in use before: 62.4 MB.
System memory in use after: 62.5 MB.

Unloading 4 unused Assets to reduce memory usage. Loaded Objects now: 1690.
Total: 1.540000 ms (FindLiveObjects: 0.129000 ms CreateObjectMapping: 0.035100 ms MarkObjects: 1.362600 ms  DeleteObjects: 0.012000 ms)

========================================================================
Received Import Request.
  Time since last request: 381.833366 seconds.
  path: Assets/Scenes/PantallaInicial.unity
  artifactKey: Guid(2666d18a9d05aef4198c53824c648cd9) Importer(815301076,1909f56bfc062723c751e8b465ee728b)
Start importing Assets/Scenes/PantallaInicial.unity using Guid(2666d18a9d05aef4198c53824c648cd9) Importer(815301076,1909f56bfc062723c751e8b465ee728b)  -> (artifact id: '847bde68f176d287047783d1336994bc') in 0.013280 seconds
  Import took 0.034615 seconds .

========================================================================
Received Prepare
Registering precompiled user dll's ...
Registered in 0.000798 seconds.
Begin MonoManager ReloadAssembly
Native extension for WindowsStandalone target not found
Refreshing native plugins compatible for Editor in 0.20 ms, found 0 plugins.
Preloading 0 native plugins for Editor in 0.00 ms.
Invoked RoslynAnalysisRunner static constructor.
RoslynAnalysisRunner will not be running.
RoslynAnalysisRunner has terminated.
Mono: successfully reloaded assembly
- Completed reload, in  0.759 seconds
Platform modules already initialized, skipping
Refreshing native plugins compatible for Editor in 0.21 ms, found 0 plugins.
Preloading 0 native plugins for Editor in 0.00 ms.
Unloading 1155 Unused Serialized files (Serialized files now loaded: 0)
System memory in use before: 62.4 MB.
System memory in use after: 62.5 MB.

Unloading 4 unused Assets to reduce memory usage. Loaded Objects now: 1693.
Total: 1.636500 ms (FindLiveObjects: 0.143500 ms CreateObjectMapping: 0.039600 ms MarkObjects: 1.440100 ms  DeleteObjects: 0.012600 ms)

========================================================================
Received Prepare
Registering precompiled user dll's ...
Registered in 0.000980 seconds.
Begin MonoManager ReloadAssembly
Native extension for WindowsStandalone target not found
Refreshing native plugins compatible for Editor in 0.20 ms, found 0 plugins.
Preloading 0 native plugins for Editor in 0.00 ms.
Invoked RoslynAnalysisRunner static constructor.
RoslynAnalysisRunner will not be running.
RoslynAnalysisRunner has terminated.
Mono: successfully reloaded assembly
- Completed reload, in  0.780 seconds
Platform modules already initialized, skipping
Refreshing native plugins compatible for Editor in 0.20 ms, found 0 plugins.
Preloading 0 native plugins for Editor in 0.00 ms.
Unloading 1155 Unused Serialized files (Serialized files now loaded: 0)
System memory in use before: 62.5 MB.
System memory in use after: 62.6 MB.

Unloading 4 unused Assets to reduce memory usage. Loaded Objects now: 1696.
Total: 1.624100 ms (FindLiveObjects: 0.147400 ms CreateObjectMapping: 0.036700 ms MarkObjects: 1.427000 ms  DeleteObjects: 0.012100 ms)

